<?xml version="1.0" encoding="UTF-8"?>
<testng-results total="3" passed="3" failed="0" skipped="0">
  <reporter-output>
  </reporter-output>
  <suite started-at="2025-03-12T07:38:47Z" name="Test Suite for Buildout" finished-at="2025-03-12T07:39:31Z" duration-ms="44262">
    <groups>
    </groups>
    <test started-at="2025-03-12T07:38:47Z" name="Test Cases for Buildout" finished-at="2025-03-12T07:39:31Z" duration-ms="44262">
      <class name="demo.TestCases">
        <test-method is-config="true" signature="startBrowser()[pri:0, instance:demo.TestCases@58fb7731]" started-at="2025-03-12T13:08:47Z" name="startBrowser" finished-at="2025-03-12T13:08:49Z" duration-ms="2225" status="PASS">
          <reporter-output>
          </reporter-output>
        </test-method> <!-- startBrowser -->
        <test-method signature="testCase01()[pri:0, instance:demo.TestCases@58fb7731]" started-at="2025-03-12T13:08:49Z" name="testCase01" finished-at="2025-03-12T13:09:02Z" duration-ms="13057" status="PASS">
          <reporter-output>
          </reporter-output>
        </test-method> <!-- testCase01 -->
        <test-method is-config="true" signature="endTest()[pri:0, instance:demo.TestCases@58fb7731]" started-at="2025-03-12T13:09:02Z" name="endTest" finished-at="2025-03-12T13:09:03Z" duration-ms="1020" status="PASS">
          <reporter-output>
          </reporter-output>
        </test-method> <!-- endTest -->
        <test-method is-config="true" signature="startBrowser()[pri:0, instance:demo.TestCases@58fb7731]" started-at="2025-03-12T13:09:03Z" name="startBrowser" finished-at="2025-03-12T13:09:05Z" duration-ms="1664" status="PASS">
          <reporter-output>
          </reporter-output>
        </test-method> <!-- startBrowser -->
        <test-method signature="testCase02()[pri:0, instance:demo.TestCases@58fb7731]" started-at="2025-03-12T13:09:05Z" name="testCase02" finished-at="2025-03-12T13:09:15Z" duration-ms="10117" status="PASS">
          <reporter-output>
          </reporter-output>
        </test-method> <!-- testCase02 -->
        <test-method is-config="true" signature="endTest()[pri:0, instance:demo.TestCases@58fb7731]" started-at="2025-03-12T13:09:15Z" name="endTest" finished-at="2025-03-12T13:09:16Z" duration-ms="850" status="PASS">
          <reporter-output>
          </reporter-output>
        </test-method> <!-- endTest -->
        <test-method is-config="true" signature="startBrowser()[pri:0, instance:demo.TestCases@58fb7731]" started-at="2025-03-12T13:09:16Z" name="startBrowser" finished-at="2025-03-12T13:09:17Z" duration-ms="1571" status="PASS">
          <reporter-output>
          </reporter-output>
        </test-method> <!-- startBrowser -->
        <test-method signature="testCase03()[pri:0, instance:demo.TestCases@58fb7731]" started-at="2025-03-12T13:09:17Z" name="testCase03" finished-at="2025-03-12T13:09:30Z" duration-ms="12843" status="PASS">
          <reporter-output>
          </reporter-output>
        </test-method> <!-- testCase03 -->
        <test-method is-config="true" signature="endTest()[pri:0, instance:demo.TestCases@58fb7731]" started-at="2025-03-12T13:09:30Z" name="endTest" finished-at="2025-03-12T13:09:31Z" duration-ms="897" status="PASS">
          <reporter-output>
          </reporter-output>
        </test-method> <!-- endTest -->
      </class> <!-- demo.TestCases -->
    </test> <!-- Test Cases for Buildout -->
  </suite> <!-- Test Suite for Buildout -->
</testng-results>
