<?xml version="1.0" encoding="UTF-8"?>
<testng-results total="3" passed="3" failed="0" skipped="0">
  <reporter-output>
  </reporter-output>
  <suite started-at="2025-03-12T07:32:18Z" name="Test Suite for Buildout" finished-at="2025-03-12T07:32:58Z" duration-ms="39306">
    <groups>
    </groups>
    <test started-at="2025-03-12T07:32:18Z" name="Test Cases for Buildout" finished-at="2025-03-12T07:32:58Z" duration-ms="39306">
      <class name="demo.TestCases">
        <test-method is-config="true" signature="startBrowser()[pri:0, instance:demo.TestCases@58fb7731]" started-at="2025-03-12T13:02:18Z" name="startBrowser" finished-at="2025-03-12T13:02:20Z" duration-ms="2114" status="PASS">
          <reporter-output>
          </reporter-output>
        </test-method> <!-- startBrowser -->
        <test-method signature="testCase01()[pri:0, instance:demo.TestCases@58fb7731]" started-at="2025-03-12T13:02:20Z" name="testCase01" finished-at="2025-03-12T13:02:31Z" duration-ms="10107" status="PASS">
          <reporter-output>
          </reporter-output>
        </test-method> <!-- testCase01 -->
        <test-method is-config="true" signature="endTest()[pri:0, instance:demo.TestCases@58fb7731]" started-at="2025-03-12T13:02:31Z" name="endTest" finished-at="2025-03-12T13:02:31Z" duration-ms="834" status="PASS">
          <reporter-output>
          </reporter-output>
        </test-method> <!-- endTest -->
        <test-method is-config="true" signature="startBrowser()[pri:0, instance:demo.TestCases@58fb7731]" started-at="2025-03-12T13:02:31Z" name="startBrowser" finished-at="2025-03-12T13:02:33Z" duration-ms="1671" status="PASS">
          <reporter-output>
          </reporter-output>
        </test-method> <!-- startBrowser -->
        <test-method signature="testCase02()[pri:0, instance:demo.TestCases@58fb7731]" started-at="2025-03-12T13:02:33Z" name="testCase02" finished-at="2025-03-12T13:02:43Z" duration-ms="10263" status="PASS">
          <reporter-output>
          </reporter-output>
        </test-method> <!-- testCase02 -->
        <test-method is-config="true" signature="endTest()[pri:0, instance:demo.TestCases@58fb7731]" started-at="2025-03-12T13:02:43Z" name="endTest" finished-at="2025-03-12T13:02:44Z" duration-ms="819" status="PASS">
          <reporter-output>
          </reporter-output>
        </test-method> <!-- endTest -->
        <test-method is-config="true" signature="startBrowser()[pri:0, instance:demo.TestCases@58fb7731]" started-at="2025-03-12T13:02:44Z" name="startBrowser" finished-at="2025-03-12T13:02:46Z" duration-ms="1580" status="PASS">
          <reporter-output>
          </reporter-output>
        </test-method> <!-- startBrowser -->
        <test-method signature="testCase03()[pri:0, instance:demo.TestCases@58fb7731]" started-at="2025-03-12T13:02:46Z" name="testCase03" finished-at="2025-03-12T13:02:57Z" duration-ms="11045" status="PASS">
          <reporter-output>
          </reporter-output>
        </test-method> <!-- testCase03 -->
        <test-method is-config="true" signature="endTest()[pri:0, instance:demo.TestCases@58fb7731]" started-at="2025-03-12T13:02:57Z" name="endTest" finished-at="2025-03-12T13:02:58Z" duration-ms="857" status="PASS">
          <reporter-output>
          </reporter-output>
        </test-method> <!-- endTest -->
      </class> <!-- demo.TestCases -->
    </test> <!-- Test Cases for Buildout -->
  </suite> <!-- Test Suite for Buildout -->
</testng-results>
